Nov 26, 2023 12:15:30 PM org.apache.karaf.main.Main launch
INFO: Installing and starting initial bundles
Nov 26, 2023 12:15:32 PM org.apache.karaf.main.Main launch
INFO: All initial bundles installed and set to start
Nov 26, 2023 12:15:32 PM org.apache.karaf.main.lock.SimpleFileLock lock
INFO: Trying to lock C:\Users\User\GitRepositories\Karaf\lock
Nov 26, 2023 12:15:32 PM org.apache.karaf.main.lock.SimpleFileLock lock
INFO: Lock acquired
Nov 26, 2023 12:15:32 PM org.apache.karaf.main.Main$KarafLockCallback lockAcquired
INFO: Lock acquired. Setting startlevel to 100
2023-11-26T12:15:32,907 | INFO  | CM Configuration Updater (Update: pid=org.ops4j.pax.logging) | EventAdminConfigurationNotifier  | 7 - org.ops4j.pax.logging.pax-logging-api - 2.2.3 | Sending Event Admin notification (configuration successful) to org/ops4j/pax/logging/Configuration
2023-11-26T12:15:33,854 | INFO  | activator-1-thread-2 | FeaturesServiceImpl              | 19 - org.apache.karaf.features.core - 4.4.4 | Adding features: system/[4.4.4,4.4.4],feature/[4.4.4,4.4.4],deployer/[4.4.4,4.4.4],diagnostic/[4.4.4,4.4.4],management/[4.4.4,4.4.4],bundle/[4.4.4,4.4.4],ssh/[4.4.4,4.4.4],log/[4.4.4,4.4.4],eventadmin/[4.4.4,4.4.4],instance/[4.4.4,4.4.4],config/[4.4.4,4.4.4],framework/[4.4.4,4.4.4],shell/[4.4.4,4.4.4],kar/[4.4.4,4.4.4],service/[4.4.4,4.4.4],jaas/[4.4.4,4.4.4],wrap/[2.6.14,2.6.14],package/[4.4.4,4.4.4]
2023-11-26T12:15:35,584 | INFO  | features-3-thread-1 | FeaturesServiceImpl              | 19 - org.apache.karaf.features.core - 4.4.4 | Changes to perform:
2023-11-26T12:15:35,584 | INFO  | features-3-thread-1 | FeaturesServiceImpl              | 19 - org.apache.karaf.features.core - 4.4.4 |   Region: root
2023-11-26T12:15:35,584 | INFO  | features-3-thread-1 | FeaturesServiceImpl              | 19 - org.apache.karaf.features.core - 4.4.4 |     Bundles to install:
2023-11-26T12:15:35,585 | INFO  | features-3-thread-1 | FeaturesServiceImpl              | 19 - org.apache.karaf.features.core - 4.4.4 |       mvn:org.bouncycastle/bcpkix-jdk18on/1.75
2023-11-26T12:15:35,585 | INFO  | features-3-thread-1 | FeaturesServiceImpl              | 19 - org.apache.karaf.features.core - 4.4.4 |       mvn:org.bouncycastle/bcprov-jdk18on/1.75
2023-11-26T12:15:35,585 | INFO  | features-3-thread-1 | FeaturesServiceImpl              | 19 - org.apache.karaf.features.core - 4.4.4 |       mvn:org.bouncycastle/bcutil-jdk18on/1.75
2023-11-26T12:15:35,585 | INFO  | features-3-thread-1 | FeaturesServiceImpl              | 19 - org.apache.karaf.features.core - 4.4.4 |       mvn:org.apache.aries.jmx/org.apache.aries.jmx.api/1.1.5
2023-11-26T12:15:35,585 | INFO  | features-3-thread-1 | FeaturesServiceImpl              | 19 - org.apache.karaf.features.core - 4.4.4 |       mvn:org.apache.aries.jmx/org.apache.aries.jmx.core/1.1.8
2023-11-26T12:15:35,585 | INFO  | features-3-thread-1 | FeaturesServiceImpl              | 19 - org.apache.karaf.features.core - 4.4.4 |       mvn:org.apache.aries.jmx/org.apache.aries.jmx.whiteboard/1.2.0
2023-11-26T12:15:35,585 | INFO  | features-3-thread-1 | FeaturesServiceImpl              | 19 - org.apache.karaf.features.core - 4.4.4 |       mvn:org.apache.aries/org.apache.aries.util/1.1.3
2023-11-26T12:15:35,585 | INFO  | features-3-thread-1 | FeaturesServiceImpl              | 19 - org.apache.karaf.features.core - 4.4.4 |       mvn:org.apache.karaf.bundle/org.apache.karaf.bundle.core/4.4.4
2023-11-26T12:15:35,585 | INFO  | features-3-thread-1 | FeaturesServiceImpl              | 19 - org.apache.karaf.features.core - 4.4.4 |       mvn:org.apache.karaf.deployer/org.apache.karaf.deployer.features/4.4.4
2023-11-26T12:15:35,586 | INFO  | features-3-thread-1 | FeaturesServiceImpl              | 19 - org.apache.karaf.features.core - 4.4.4 |       mvn:org.apache.karaf.deployer/org.apache.karaf.deployer.kar/4.4.4
2023-11-26T12:15:35,586 | INFO  | features-3-thread-1 | FeaturesServiceImpl              | 19 - org.apache.karaf.features.core - 4.4.4 |       mvn:org.apache.karaf.deployer/org.apache.karaf.deployer.wrap/4.4.4
2023-11-26T12:15:35,586 | INFO  | features-3-thread-1 | FeaturesServiceImpl              | 19 - org.apache.karaf.features.core - 4.4.4 |       mvn:org.apache.karaf.diagnostic/org.apache.karaf.diagnostic.core/4.4.4
2023-11-26T12:15:35,586 | INFO  | features-3-thread-1 | FeaturesServiceImpl              | 19 - org.apache.karaf.features.core - 4.4.4 |       mvn:org.apache.karaf/org.apache.karaf.event/4.4.4
2023-11-26T12:15:35,586 | INFO  | features-3-thread-1 | FeaturesServiceImpl              | 19 - org.apache.karaf.features.core - 4.4.4 |       mvn:org.apache.karaf.features/org.apache.karaf.features.command/4.4.4
2023-11-26T12:15:35,586 | INFO  | features-3-thread-1 | FeaturesServiceImpl              | 19 - org.apache.karaf.features.core - 4.4.4 |       mvn:org.apache.karaf.instance/org.apache.karaf.instance.core/4.4.4
2023-11-26T12:15:35,586 | INFO  | features-3-thread-1 | FeaturesServiceImpl              | 19 - org.apache.karaf.features.core - 4.4.4 |       mvn:org.apache.karaf.jaas/org.apache.karaf.jaas.command/4.4.4
2023-11-26T12:15:35,586 | INFO  | features-3-thread-1 | FeaturesServiceImpl              | 19 - org.apache.karaf.features.core - 4.4.4 |       mvn:org.apache.karaf.jaas/org.apache.karaf.jaas.config/4.4.4
2023-11-26T12:15:35,586 | INFO  | features-3-thread-1 | FeaturesServiceImpl              | 19 - org.apache.karaf.features.core - 4.4.4 |       mvn:org.apache.karaf.jaas/org.apache.karaf.jaas.modules/4.4.4
2023-11-26T12:15:35,587 | INFO  | features-3-thread-1 | FeaturesServiceImpl              | 19 - org.apache.karaf.features.core - 4.4.4 |       mvn:org.apache.karaf.kar/org.apache.karaf.kar.core/4.4.4
2023-11-26T12:15:35,587 | INFO  | features-3-thread-1 | FeaturesServiceImpl              | 19 - org.apache.karaf.features.core - 4.4.4 |       mvn:org.apache.karaf.log/org.apache.karaf.log.core/4.4.4
2023-11-26T12:15:35,587 | INFO  | features-3-thread-1 | FeaturesServiceImpl              | 19 - org.apache.karaf.features.core - 4.4.4 |       mvn:org.apache.karaf.management/org.apache.karaf.management.server/4.4.4
2023-11-26T12:15:35,587 | INFO  | features-3-thread-1 | FeaturesServiceImpl              | 19 - org.apache.karaf.features.core - 4.4.4 |       mvn:org.apache.karaf.package/org.apache.karaf.package.core/4.4.4
2023-11-26T12:15:35,587 | INFO  | features-3-thread-1 | FeaturesServiceImpl              | 19 - org.apache.karaf.features.core - 4.4.4 |       mvn:org.apache.karaf.service/org.apache.karaf.service.core/4.4.4
2023-11-26T12:15:35,587 | INFO  | features-3-thread-1 | FeaturesServiceImpl              | 19 - org.apache.karaf.features.core - 4.4.4 |       mvn:org.apache.karaf.shell/org.apache.karaf.shell.commands/4.4.4
2023-11-26T12:15:35,587 | INFO  | features-3-thread-1 | FeaturesServiceImpl              | 19 - org.apache.karaf.features.core - 4.4.4 |       mvn:org.apache.karaf.shell/org.apache.karaf.shell.core/4.4.4
2023-11-26T12:15:35,588 | INFO  | features-3-thread-1 | FeaturesServiceImpl              | 19 - org.apache.karaf.features.core - 4.4.4 |       mvn:org.apache.karaf.shell/org.apache.karaf.shell.ssh/4.4.4
2023-11-26T12:15:35,588 | INFO  | features-3-thread-1 | FeaturesServiceImpl              | 19 - org.apache.karaf.features.core - 4.4.4 |       mvn:org.apache.karaf.system/org.apache.karaf.system.core/4.4.4
2023-11-26T12:15:35,588 | INFO  | features-3-thread-1 | FeaturesServiceImpl              | 19 - org.apache.karaf.features.core - 4.4.4 |       mvn:org.apache.sshd/sshd-osgi/2.10.0
2023-11-26T12:15:35,588 | INFO  | features-3-thread-1 | FeaturesServiceImpl              | 19 - org.apache.karaf.features.core - 4.4.4 |       mvn:org.apache.sshd/sshd-scp/2.10.0
2023-11-26T12:15:35,588 | INFO  | features-3-thread-1 | FeaturesServiceImpl              | 19 - org.apache.karaf.features.core - 4.4.4 |       mvn:org.apache.sshd/sshd-sftp/2.10.0
2023-11-26T12:15:35,588 | INFO  | features-3-thread-1 | FeaturesServiceImpl              | 19 - org.apache.karaf.features.core - 4.4.4 |       mvn:org.jline/jline/3.21.0
2023-11-26T12:15:35,588 | INFO  | features-3-thread-1 | FeaturesServiceImpl              | 19 - org.apache.karaf.features.core - 4.4.4 |       mvn:org.ops4j.pax.url/pax-url-wrap/2.6.14/jar/uber
2023-11-26T12:15:35,589 | INFO  | features-3-thread-1 | FeaturesServiceImpl              | 19 - org.apache.karaf.features.core - 4.4.4 | Stopping bundles:
2023-11-26T12:15:35,590 | INFO  | features-3-thread-1 | FeaturesServiceImpl              | 19 - org.apache.karaf.features.core - 4.4.4 |   org.apache.karaf.config.core/4.4.4
2023-11-26T12:15:35,594 | INFO  | features-3-thread-1 | FeaturesServiceImpl              | 19 - org.apache.karaf.features.core - 4.4.4 | Installing bundles:
2023-11-26T12:15:35,594 | INFO  | features-3-thread-1 | FeaturesServiceImpl              | 19 - org.apache.karaf.features.core - 4.4.4 |   mvn:org.bouncycastle/bcpkix-jdk18on/1.75
2023-11-26T12:15:35,899 | INFO  | features-3-thread-1 | FeaturesServiceImpl              | 19 - org.apache.karaf.features.core - 4.4.4 |   mvn:org.bouncycastle/bcprov-jdk18on/1.75
2023-11-26T12:15:35,915 | INFO  | features-3-thread-1 | FeaturesServiceImpl              | 19 - org.apache.karaf.features.core - 4.4.4 |   mvn:org.bouncycastle/bcutil-jdk18on/1.75
2023-11-26T12:15:36,112 | INFO  | features-3-thread-1 | FeaturesServiceImpl              | 19 - org.apache.karaf.features.core - 4.4.4 |   mvn:org.apache.aries.jmx/org.apache.aries.jmx.api/1.1.5
2023-11-26T12:15:36,130 | INFO  | features-3-thread-1 | FeaturesServiceImpl              | 19 - org.apache.karaf.features.core - 4.4.4 |   mvn:org.apache.aries.jmx/org.apache.aries.jmx.core/1.1.8
2023-11-26T12:15:36,161 | INFO  | features-3-thread-1 | FeaturesServiceImpl              | 19 - org.apache.karaf.features.core - 4.4.4 |   mvn:org.apache.aries.jmx/org.apache.aries.jmx.whiteboard/1.2.0
2023-11-26T12:15:36,173 | INFO  | features-3-thread-1 | FeaturesServiceImpl              | 19 - org.apache.karaf.features.core - 4.4.4 |   mvn:org.apache.aries/org.apache.aries.util/1.1.3
2023-11-26T12:15:36,210 | INFO  | features-3-thread-1 | FeaturesServiceImpl              | 19 - org.apache.karaf.features.core - 4.4.4 |   mvn:org.apache.karaf.bundle/org.apache.karaf.bundle.core/4.4.4
2023-11-26T12:15:36,247 | INFO  | features-3-thread-1 | FeaturesServiceImpl              | 19 - org.apache.karaf.features.core - 4.4.4 |   mvn:org.apache.karaf.deployer/org.apache.karaf.deployer.features/4.4.4
2023-11-26T12:15:36,265 | INFO  | features-3-thread-1 | FeaturesServiceImpl              | 19 - org.apache.karaf.features.core - 4.4.4 |   mvn:org.apache.karaf.deployer/org.apache.karaf.deployer.kar/4.4.4
2023-11-26T12:15:36,276 | INFO  | features-3-thread-1 | FeaturesServiceImpl              | 19 - org.apache.karaf.features.core - 4.4.4 |   mvn:org.apache.karaf.deployer/org.apache.karaf.deployer.wrap/4.4.4
2023-11-26T12:15:36,291 | INFO  | features-3-thread-1 | FeaturesServiceImpl              | 19 - org.apache.karaf.features.core - 4.4.4 |   mvn:org.apache.karaf.diagnostic/org.apache.karaf.diagnostic.core/4.4.4
2023-11-26T12:15:36,307 | INFO  | features-3-thread-1 | FeaturesServiceImpl              | 19 - org.apache.karaf.features.core - 4.4.4 |   mvn:org.apache.karaf/org.apache.karaf.event/4.4.4
2023-11-26T12:15:36,320 | INFO  | features-3-thread-1 | FeaturesServiceImpl              | 19 - org.apache.karaf.features.core - 4.4.4 |   mvn:org.apache.karaf.features/org.apache.karaf.features.command/4.4.4
2023-11-26T12:15:36,340 | INFO  | features-3-thread-1 | FeaturesServiceImpl              | 19 - org.apache.karaf.features.core - 4.4.4 |   mvn:org.apache.karaf.instance/org.apache.karaf.instance.core/4.4.4
2023-11-26T12:15:36,420 | INFO  | features-3-thread-1 | FeaturesServiceImpl              | 19 - org.apache.karaf.features.core - 4.4.4 |   mvn:org.apache.karaf.jaas/org.apache.karaf.jaas.command/4.4.4
2023-11-26T12:15:36,438 | INFO  | features-3-thread-1 | FeaturesServiceImpl              | 19 - org.apache.karaf.features.core - 4.4.4 |   mvn:org.apache.karaf.jaas/org.apache.karaf.jaas.config/4.4.4
2023-11-26T12:15:36,453 | INFO  | features-3-thread-1 | FeaturesServiceImpl              | 19 - org.apache.karaf.features.core - 4.4.4 |   mvn:org.apache.karaf.jaas/org.apache.karaf.jaas.modules/4.4.4
2023-11-26T12:15:36,817 | INFO  | features-3-thread-1 | FeaturesServiceImpl              | 19 - org.apache.karaf.features.core - 4.4.4 |   mvn:org.apache.karaf.kar/org.apache.karaf.kar.core/4.4.4
2023-11-26T12:15:36,843 | INFO  | features-3-thread-1 | FeaturesServiceImpl              | 19 - org.apache.karaf.features.core - 4.4.4 |   mvn:org.apache.karaf.log/org.apache.karaf.log.core/4.4.4
2023-11-26T12:15:36,871 | INFO  | features-3-thread-1 | FeaturesServiceImpl              | 19 - org.apache.karaf.features.core - 4.4.4 |   mvn:org.apache.karaf.management/org.apache.karaf.management.server/4.4.4
2023-11-26T12:15:36,895 | INFO  | features-3-thread-1 | FeaturesServiceImpl              | 19 - org.apache.karaf.features.core - 4.4.4 |   mvn:org.apache.karaf.package/org.apache.karaf.package.core/4.4.4
2023-11-26T12:15:36,912 | INFO  | features-3-thread-1 | FeaturesServiceImpl              | 19 - org.apache.karaf.features.core - 4.4.4 |   mvn:org.apache.karaf.service/org.apache.karaf.service.core/4.4.4
2023-11-26T12:15:36,925 | INFO  | features-3-thread-1 | FeaturesServiceImpl              | 19 - org.apache.karaf.features.core - 4.4.4 |   mvn:org.apache.karaf.shell/org.apache.karaf.shell.commands/4.4.4
2023-11-26T12:15:36,949 | INFO  | features-3-thread-1 | FeaturesServiceImpl              | 19 - org.apache.karaf.features.core - 4.4.4 |   mvn:org.apache.karaf.shell/org.apache.karaf.shell.core/4.4.4
2023-11-26T12:15:37,077 | INFO  | features-3-thread-1 | FeaturesServiceImpl              | 19 - org.apache.karaf.features.core - 4.4.4 |   mvn:org.apache.karaf.shell/org.apache.karaf.shell.ssh/4.4.4
2023-11-26T12:15:37,104 | INFO  | features-3-thread-1 | FeaturesServiceImpl              | 19 - org.apache.karaf.features.core - 4.4.4 |   mvn:org.apache.karaf.system/org.apache.karaf.system.core/4.4.4
2023-11-26T12:15:37,126 | INFO  | features-3-thread-1 | FeaturesServiceImpl              | 19 - org.apache.karaf.features.core - 4.4.4 |   mvn:org.apache.sshd/sshd-osgi/2.10.0
2023-11-26T12:15:37,489 | INFO  | features-3-thread-1 | FeaturesServiceImpl              | 19 - org.apache.karaf.features.core - 4.4.4 |   mvn:org.apache.sshd/sshd-scp/2.10.0
2023-11-26T12:15:37,518 | INFO  | features-3-thread-1 | FeaturesServiceImpl              | 19 - org.apache.karaf.features.core - 4.4.4 |   mvn:org.apache.sshd/sshd-sftp/2.10.0
2023-11-26T12:15:37,595 | INFO  | features-3-thread-1 | FeaturesServiceImpl              | 19 - org.apache.karaf.features.core - 4.4.4 |   mvn:org.jline/jline/3.21.0
2023-11-26T12:15:37,760 | INFO  | features-3-thread-1 | FeaturesServiceImpl              | 19 - org.apache.karaf.features.core - 4.4.4 |   mvn:org.ops4j.pax.url/pax-url-wrap/2.6.14/jar/uber
2023-11-26T12:15:37,805 | INFO  | features-3-thread-1 | FeaturesServiceImpl              | 19 - org.apache.karaf.features.core - 4.4.4 | Refreshing bundles:
2023-11-26T12:15:37,805 | INFO  | features-3-thread-1 | FeaturesServiceImpl              | 19 - org.apache.karaf.features.core - 4.4.4 |     org.apache.karaf.config.core/4.4.4 (Should be wired to: org.apache.karaf.shell.core/4.4.4 (through [org.apache.karaf.config.core [16](R 16.0)] osgi.wiring.package; (&(osgi.wiring.package=org.apache.karaf.shell.api.action)(version>=4.4.0)(!(version>=5.0.0)))))
2023-11-26T12:15:37,914 | INFO  | features-3-thread-1 | FeaturesServiceImpl              | 19 - org.apache.karaf.features.core - 4.4.4 | Starting bundles:
2023-11-26T12:15:37,915 | INFO  | features-3-thread-1 | FeaturesServiceImpl              | 19 - org.apache.karaf.features.core - 4.4.4 |   org.ops4j.pax.url.wrap/2.6.14
2023-11-26T12:15:37,921 | INFO  | features-3-thread-1 | FeaturesServiceImpl              | 19 - org.apache.karaf.features.core - 4.4.4 |   org.apache.karaf.config.core/4.4.4
2023-11-26T12:15:37,929 | INFO  | features-3-thread-1 | FeaturesServiceImpl              | 19 - org.apache.karaf.features.core - 4.4.4 |   org.apache.aries.util/1.1.3
2023-11-26T12:15:37,931 | INFO  | features-3-thread-1 | FeaturesServiceImpl              | 19 - org.apache.karaf.features.core - 4.4.4 |   org.apache.karaf.deployer.wrap/4.4.4
2023-11-26T12:15:37,937 | INFO  | features-3-thread-1 | FeaturesServiceImpl              | 19 - org.apache.karaf.features.core - 4.4.4 |   org.apache.karaf.deployer.kar/4.4.4
2023-11-26T12:15:37,942 | INFO  | features-3-thread-1 | FeaturesServiceImpl              | 19 - org.apache.karaf.features.core - 4.4.4 |   org.apache.karaf.deployer.features/4.4.4
2023-11-26T12:15:37,957 | INFO  | features-3-thread-1 | FeaturesServiceImpl              | 19 - org.apache.karaf.features.core - 4.4.4 |   bcprov/1.75.0
2023-11-26T12:15:37,958 | INFO  | features-3-thread-1 | FeaturesServiceImpl              | 19 - org.apache.karaf.features.core - 4.4.4 |   bcutil/1.75.0
2023-11-26T12:15:37,959 | INFO  | features-3-thread-1 | FeaturesServiceImpl              | 19 - org.apache.karaf.features.core - 4.4.4 |   bcpkix/1.75.0
2023-11-26T12:15:37,959 | INFO  | features-3-thread-1 | FeaturesServiceImpl              | 19 - org.apache.karaf.features.core - 4.4.4 |   org.apache.sshd.osgi/2.10.0
2023-11-26T12:15:37,960 | INFO  | features-3-thread-1 | FeaturesServiceImpl              | 19 - org.apache.karaf.features.core - 4.4.4 |   org.apache.sshd.scp/2.10.0
2023-11-26T12:15:37,961 | INFO  | features-3-thread-1 | FeaturesServiceImpl              | 19 - org.apache.karaf.features.core - 4.4.4 |   org.apache.sshd.sftp/2.10.0
2023-11-26T12:15:37,962 | INFO  | features-3-thread-1 | FeaturesServiceImpl              | 19 - org.apache.karaf.features.core - 4.4.4 |   org.jline/3.21.0
2023-11-26T12:15:37,962 | INFO  | features-3-thread-1 | FeaturesServiceImpl              | 19 - org.apache.karaf.features.core - 4.4.4 |   org.apache.karaf.shell.core/4.4.4
2023-11-26T12:15:38,024 | INFO  | features-3-thread-1 | CommandExtension                 | 44 - org.apache.karaf.shell.core - 4.4.4 | Registering commands for bundle org.apache.karaf.config.core/4.4.4
2023-11-26T12:15:38,049 | INFO  | features-3-thread-1 | CommandExtension                 | 44 - org.apache.karaf.shell.core - 4.4.4 | Registering commands for bundle org.apache.karaf.deployer.kar/4.4.4
2023-11-26T12:15:38,243 | INFO  | features-3-thread-1 | FeaturesServiceImpl              | 19 - org.apache.karaf.features.core - 4.4.4 |   org.apache.karaf.service.core/4.4.4
2023-11-26T12:15:38,253 | INFO  | features-3-thread-1 | CommandExtension                 | 44 - org.apache.karaf.shell.core - 4.4.4 | Registering commands for bundle org.apache.karaf.service.core/4.4.4
2023-11-26T12:15:38,253 | INFO  | features-3-thread-1 | FeaturesServiceImpl              | 19 - org.apache.karaf.features.core - 4.4.4 |   org.apache.aries.jmx.api/1.1.5
2023-11-26T12:15:38,254 | INFO  | features-3-thread-1 | FeaturesServiceImpl              | 19 - org.apache.karaf.features.core - 4.4.4 |   org.apache.aries.jmx.core/1.1.8
2023-11-26T12:15:38,260 | INFO  | features-3-thread-1 | core                             | 24 - org.apache.aries.jmx.core - 1.1.8 | Starting JMX OSGi agent
2023-11-26T12:15:38,274 | INFO  | features-3-thread-1 | core                             | 24 - org.apache.aries.jmx.core - 1.1.8 | Registering MBean with ObjectName [osgi.compendium:service=cm,version=1.3,framework=org.apache.felix.framework,uuid=2f8901d0-2ff8-45c0-9b08-6f79a30c6c9f] for service with service.id [16]
2023-11-26T12:15:38,275 | INFO  | features-3-thread-1 | FeaturesServiceImpl              | 19 - org.apache.karaf.features.core - 4.4.4 |   org.apache.karaf.features.command/4.4.4
2023-11-26T12:15:38,293 | INFO  | features-3-thread-1 | CommandExtension                 | 44 - org.apache.karaf.shell.core - 4.4.4 | Registering commands for bundle org.apache.karaf.features.command/4.4.4
2023-11-26T12:15:38,295 | INFO  | features-3-thread-1 | FeaturesServiceImpl              | 19 - org.apache.karaf.features.core - 4.4.4 |   org.apache.karaf.kar.core/4.4.4
2023-11-26T12:15:38,305 | INFO  | features-3-thread-1 | CommandExtension                 | 44 - org.apache.karaf.shell.core - 4.4.4 | Registering commands for bundle org.apache.karaf.kar.core/4.4.4
2023-11-26T12:15:38,306 | INFO  | features-3-thread-1 | FeaturesServiceImpl              | 19 - org.apache.karaf.features.core - 4.4.4 |   org.apache.karaf.jaas.config/4.4.4
2023-11-26T12:15:38,316 | INFO  | features-3-thread-1 | FeaturesServiceImpl              | 19 - org.apache.karaf.features.core - 4.4.4 |   org.apache.karaf.jaas.modules/4.4.4
2023-11-26T12:15:38,323 | INFO  | features-3-thread-1 | FeaturesServiceImpl              | 19 - org.apache.karaf.features.core - 4.4.4 |   org.apache.karaf.jaas.command/4.4.4
2023-11-26T12:15:38,340 | INFO  | features-3-thread-1 | CommandExtension                 | 44 - org.apache.karaf.shell.core - 4.4.4 | Registering commands for bundle org.apache.karaf.jaas.command/4.4.4
2023-11-26T12:15:38,342 | INFO  | features-3-thread-1 | CommandExtension                 | 44 - org.apache.karaf.shell.core - 4.4.4 | Updating commands for bundle org.apache.karaf.jaas.command/4.4.4
2023-11-26T12:15:38,344 | INFO  | features-3-thread-1 | CommandExtension                 | 44 - org.apache.karaf.shell.core - 4.4.4 | Updating commands for bundle org.apache.karaf.jaas.command/4.4.4
2023-11-26T12:15:38,345 | INFO  | features-3-thread-1 | FeaturesServiceImpl              | 19 - org.apache.karaf.features.core - 4.4.4 |   org.apache.karaf.instance.core/4.4.4
2023-11-26T12:15:38,368 | INFO  | features-3-thread-1 | CommandExtension                 | 44 - org.apache.karaf.shell.core - 4.4.4 | Registering commands for bundle org.apache.karaf.instance.core/4.4.4
2023-11-26T12:15:38,370 | INFO  | features-3-thread-1 | FeaturesServiceImpl              | 19 - org.apache.karaf.features.core - 4.4.4 |   org.apache.karaf.shell.ssh/4.4.4
2023-11-26T12:15:38,410 | INFO  | features-3-thread-1 | CommandExtension                 | 44 - org.apache.karaf.shell.core - 4.4.4 | Command registration delayed for bundle org.apache.karaf.shell.ssh/4.4.4. Missing service: [org.apache.sshd.server.SshServer]
2023-11-26T12:15:38,411 | INFO  | features-3-thread-1 | FeaturesServiceImpl              | 19 - org.apache.karaf.features.core - 4.4.4 |   org.apache.karaf.log.core/4.4.4
2023-11-26T12:15:38,425 | INFO  | features-3-thread-1 | CommandExtension                 | 44 - org.apache.karaf.shell.core - 4.4.4 | Registering commands for bundle org.apache.karaf.log.core/4.4.4
2023-11-26T12:15:38,433 | INFO  | features-3-thread-1 | FeaturesServiceImpl              | 19 - org.apache.karaf.features.core - 4.4.4 |   org.apache.karaf.shell.commands/4.4.4
2023-11-26T12:15:38,450 | INFO  | features-3-thread-1 | CommandExtension                 | 44 - org.apache.karaf.shell.core - 4.4.4 | Registering commands for bundle org.apache.karaf.shell.commands/4.4.4
2023-11-26T12:15:38,450 | INFO  | features-3-thread-1 | FeaturesServiceImpl              | 19 - org.apache.karaf.features.core - 4.4.4 |   org.apache.karaf.bundle.core/4.4.4
2023-11-26T12:15:38,496 | INFO  | features-3-thread-1 | CommandExtension                 | 44 - org.apache.karaf.shell.core - 4.4.4 | Registering commands for bundle org.apache.karaf.bundle.core/4.4.4
2023-11-26T12:15:38,497 | INFO  | features-3-thread-1 | FeaturesServiceImpl              | 19 - org.apache.karaf.features.core - 4.4.4 |   org.apache.karaf.diagnostic.core/4.4.4
2023-11-26T12:15:38,505 | INFO  | features-3-thread-1 | CommandExtension                 | 44 - org.apache.karaf.shell.core - 4.4.4 | Registering commands for bundle org.apache.karaf.diagnostic.core/4.4.4
2023-11-26T12:15:38,506 | INFO  | features-3-thread-1 | FeaturesServiceImpl              | 19 - org.apache.karaf.features.core - 4.4.4 |   org.apache.karaf.package.core/4.4.4
2023-11-26T12:15:38,516 | INFO  | features-3-thread-1 | CommandExtension                 | 44 - org.apache.karaf.shell.core - 4.4.4 | Registering commands for bundle org.apache.karaf.package.core/4.4.4
2023-11-26T12:15:38,516 | INFO  | features-3-thread-1 | FeaturesServiceImpl              | 19 - org.apache.karaf.features.core - 4.4.4 |   org.apache.karaf.management.server/4.4.4
2023-11-26T12:15:38,524 | INFO  | features-3-thread-1 | FeaturesServiceImpl              | 19 - org.apache.karaf.features.core - 4.4.4 |   org.apache.aries.jmx.whiteboard/1.2.0
2023-11-26T12:15:38,524 | INFO  | activator-1-thread-1 | Activator                        | 40 - org.apache.karaf.management.server - 4.4.4 | Setting java.rmi.server.hostname system property to 127.0.0.1
2023-11-26T12:15:38,531 | INFO  | features-3-thread-1 | FeaturesServiceImpl              | 19 - org.apache.karaf.features.core - 4.4.4 |   org.apache.karaf.system.core/4.4.4
2023-11-26T12:15:38,550 | INFO  | features-3-thread-1 | CommandExtension                 | 44 - org.apache.karaf.shell.core - 4.4.4 | Registering commands for bundle org.apache.karaf.system.core/4.4.4
2023-11-26T12:15:38,550 | INFO  | features-3-thread-1 | FeaturesServiceImpl              | 19 - org.apache.karaf.features.core - 4.4.4 |   org.apache.karaf.event/4.4.4
2023-11-26T12:15:38,559 | INFO  | features-3-thread-1 | CommandExtension                 | 44 - org.apache.karaf.shell.core - 4.4.4 | Registering commands for bundle org.apache.karaf.event/4.4.4
2023-11-26T12:15:38,561 | INFO  | features-3-thread-1 | Activator                        | 28 - org.apache.karaf.deployer.features - 4.4.4 | Deployment finished. Registering FeatureDeploymentListener
2023-11-26T12:15:38,578 | INFO  | activator-1-thread-1 | BouncyCastleSecurityProviderRegistrar | 47 - org.apache.sshd.osgi - 2.10.0 | getOrCreateProvider(BC) created instance of org.bouncycastle.jce.provider.BouncyCastleProvider
2023-11-26T12:15:38,604 | INFO  | activator-1-thread-1 | core                             | 24 - org.apache.aries.jmx.core - 1.1.8 | Registering org.osgi.jmx.framework.PackageStateMBean to MBeanServer org.apache.karaf.management.internal.EventAdminMBeanServerWrapper@6c7f1075 with name osgi.core:type=packageState,version=1.5,framework=org.apache.felix.framework,uuid=2f8901d0-2ff8-45c0-9b08-6f79a30c6c9f
2023-11-26T12:15:38,605 | INFO  | activator-1-thread-1 | core                             | 24 - org.apache.aries.jmx.core - 1.1.8 | Registering org.osgi.jmx.framework.FrameworkMBean to MBeanServer org.apache.karaf.management.internal.EventAdminMBeanServerWrapper@6c7f1075 with name osgi.core:type=framework,version=1.7,framework=org.apache.felix.framework,uuid=2f8901d0-2ff8-45c0-9b08-6f79a30c6c9f
2023-11-26T12:15:38,606 | INFO  | activator-1-thread-1 | core                             | 24 - org.apache.aries.jmx.core - 1.1.8 | Registering org.osgi.jmx.framework.ServiceStateMBean to MBeanServer org.apache.karaf.management.internal.EventAdminMBeanServerWrapper@6c7f1075 with name osgi.core:type=serviceState,version=1.7,framework=org.apache.felix.framework,uuid=2f8901d0-2ff8-45c0-9b08-6f79a30c6c9f
2023-11-26T12:15:38,607 | INFO  | activator-1-thread-1 | core                             | 24 - org.apache.aries.jmx.core - 1.1.8 | Registering org.osgi.jmx.framework.BundleStateMBean to MBeanServer org.apache.karaf.management.internal.EventAdminMBeanServerWrapper@6c7f1075 with name osgi.core:type=bundleState,version=1.7,framework=org.apache.felix.framework,uuid=2f8901d0-2ff8-45c0-9b08-6f79a30c6c9f
2023-11-26T12:15:38,607 | INFO  | activator-1-thread-1 | core                             | 24 - org.apache.aries.jmx.core - 1.1.8 | Registering org.osgi.jmx.framework.wiring.BundleWiringStateMBean to MBeanServer org.apache.karaf.management.internal.EventAdminMBeanServerWrapper@6c7f1075 with name osgi.core:type=wiringState,version=1.1,framework=org.apache.felix.framework,uuid=2f8901d0-2ff8-45c0-9b08-6f79a30c6c9f
2023-11-26T12:15:38,608 | INFO  | activator-1-thread-1 | core                             | 24 - org.apache.aries.jmx.core - 1.1.8 | Registering org.osgi.jmx.service.cm.ConfigurationAdminMBean to MBeanServer org.apache.karaf.management.internal.EventAdminMBeanServerWrapper@6c7f1075 with name osgi.compendium:service=cm,version=1.3,framework=org.apache.felix.framework,uuid=2f8901d0-2ff8-45c0-9b08-6f79a30c6c9f
2023-11-26T12:15:38,719 | INFO  | features-3-thread-1 | FeaturesServiceImpl              | 19 - org.apache.karaf.features.core - 4.4.4 | Done.
2023-11-26T12:15:39,095 | INFO  | activator-1-thread-1 | CommandExtension                 | 44 - org.apache.karaf.shell.core - 4.4.4 | Registering commands for bundle org.apache.karaf.shell.ssh/4.4.4
2023-11-26T12:15:39,105 | INFO  | activator-1-thread-1 | DefaultIoServiceFactoryFactory   | 47 - org.apache.sshd.osgi - 2.10.0 | No detected/configured IoServiceFactoryFactory; using Nio2ServiceFactoryFactory
Nov 26, 2023 12:23:20 PM org.apache.karaf.main.lock.SimpleFileLock lock
INFO: Trying to lock C:\Users\User\GitRepositories\Karaf\lock
Nov 26, 2023 12:23:20 PM org.apache.karaf.main.lock.SimpleFileLock lock
INFO: Lock acquired
Nov 26, 2023 12:23:20 PM org.apache.karaf.main.Main$KarafLockCallback lockAcquired
INFO: Lock acquired. Setting startlevel to 100
2023-11-26T12:23:21,401 | INFO  | CM Configuration Updater (ManagedService Update: pid=[org.ops4j.pax.logging]) | EventAdminConfigurationNotifier  | 7 - org.ops4j.pax.logging.pax-logging-api - 2.2.3 | Sending Event Admin notification (configuration successful) to org/ops4j/pax/logging/Configuration
2023-11-26T12:23:21,454 | INFO  | FelixStartLevel  | core                             | 24 - org.apache.aries.jmx.core - 1.1.8 | Starting JMX OSGi agent
2023-11-26T12:23:21,468 | INFO  | FelixStartLevel  | core                             | 24 - org.apache.aries.jmx.core - 1.1.8 | Registering MBean with ObjectName [osgi.compendium:service=cm,version=1.3,framework=org.apache.felix.framework,uuid=a15750e2-2e09-46f7-9f0f-dd9f41887e1f] for service with service.id [17]
2023-11-26T12:23:21,522 | INFO  | activator-1-thread-1 | Activator                        | 40 - org.apache.karaf.management.server - 4.4.4 | Setting java.rmi.server.hostname system property to 127.0.0.1
2023-11-26T12:23:21,591 | INFO  | FelixStartLevel  | CommandExtension                 | 44 - org.apache.karaf.shell.core - 4.4.4 | Registering commands for bundle org.apache.karaf.config.core/4.4.4
2023-11-26T12:23:21,650 | INFO  | FelixStartLevel  | CommandExtension                 | 44 - org.apache.karaf.shell.core - 4.4.4 | Registering commands for bundle org.apache.karaf.bundle.core/4.4.4
2023-11-26T12:23:21,652 | INFO  | FelixStartLevel  | CommandExtension                 | 44 - org.apache.karaf.shell.core - 4.4.4 | Registering commands for bundle org.apache.karaf.deployer.kar/4.4.4
2023-11-26T12:23:21,653 | INFO  | FelixStartLevel  | CommandExtension                 | 44 - org.apache.karaf.shell.core - 4.4.4 | Registering commands for bundle org.apache.karaf.diagnostic.core/4.4.4
2023-11-26T12:23:21,675 | INFO  | FelixStartLevel  | CommandExtension                 | 44 - org.apache.karaf.shell.core - 4.4.4 | Command registration delayed for bundle org.apache.karaf.features.command/4.4.4. Missing service: [org.apache.karaf.features.FeaturesService, org.ops4j.pax.url.mvn.MavenResolver, org.eclipse.equinox.region.RegionDigraph]
2023-11-26T12:23:21,695 | INFO  | activator-1-thread-1 | core                             | 24 - org.apache.aries.jmx.core - 1.1.8 | Registering org.osgi.jmx.service.cm.ConfigurationAdminMBean to MBeanServer org.apache.karaf.management.internal.EventAdminMBeanServerWrapper@394f8023 with name osgi.compendium:service=cm,version=1.3,framework=org.apache.felix.framework,uuid=a15750e2-2e09-46f7-9f0f-dd9f41887e1f
2023-11-26T12:23:21,696 | INFO  | activator-1-thread-1 | core                             | 24 - org.apache.aries.jmx.core - 1.1.8 | Registering org.osgi.jmx.framework.wiring.BundleWiringStateMBean to MBeanServer org.apache.karaf.management.internal.EventAdminMBeanServerWrapper@394f8023 with name osgi.core:type=wiringState,version=1.1,framework=org.apache.felix.framework,uuid=a15750e2-2e09-46f7-9f0f-dd9f41887e1f
2023-11-26T12:23:21,697 | INFO  | activator-1-thread-1 | core                             | 24 - org.apache.aries.jmx.core - 1.1.8 | Registering org.osgi.jmx.framework.FrameworkMBean to MBeanServer org.apache.karaf.management.internal.EventAdminMBeanServerWrapper@394f8023 with name osgi.core:type=framework,version=1.7,framework=org.apache.felix.framework,uuid=a15750e2-2e09-46f7-9f0f-dd9f41887e1f
2023-11-26T12:23:21,698 | INFO  | activator-1-thread-1 | core                             | 24 - org.apache.aries.jmx.core - 1.1.8 | Registering org.osgi.jmx.framework.PackageStateMBean to MBeanServer org.apache.karaf.management.internal.EventAdminMBeanServerWrapper@394f8023 with name osgi.core:type=packageState,version=1.5,framework=org.apache.felix.framework,uuid=a15750e2-2e09-46f7-9f0f-dd9f41887e1f
2023-11-26T12:23:21,698 | INFO  | activator-1-thread-1 | core                             | 24 - org.apache.aries.jmx.core - 1.1.8 | Registering org.osgi.jmx.framework.BundleStateMBean to MBeanServer org.apache.karaf.management.internal.EventAdminMBeanServerWrapper@394f8023 with name osgi.core:type=bundleState,version=1.7,framework=org.apache.felix.framework,uuid=a15750e2-2e09-46f7-9f0f-dd9f41887e1f
2023-11-26T12:23:21,700 | INFO  | activator-1-thread-1 | core                             | 24 - org.apache.aries.jmx.core - 1.1.8 | Registering org.osgi.jmx.framework.ServiceStateMBean to MBeanServer org.apache.karaf.management.internal.EventAdminMBeanServerWrapper@394f8023 with name osgi.core:type=serviceState,version=1.7,framework=org.apache.felix.framework,uuid=a15750e2-2e09-46f7-9f0f-dd9f41887e1f
2023-11-26T12:23:21,703 | INFO  | FelixStartLevel  | CommandExtension                 | 44 - org.apache.karaf.shell.core - 4.4.4 | Registering commands for bundle org.apache.karaf.instance.core/4.4.4
2023-11-26T12:23:21,719 | INFO  | FelixStartLevel  | CommandExtension                 | 44 - org.apache.karaf.shell.core - 4.4.4 | Registering commands for bundle org.apache.karaf.jaas.command/4.4.4
2023-11-26T12:23:21,721 | INFO  | FelixStartLevel  | CommandExtension                 | 44 - org.apache.karaf.shell.core - 4.4.4 | Updating commands for bundle org.apache.karaf.jaas.command/4.4.4
2023-11-26T12:23:21,724 | INFO  | FelixStartLevel  | CommandExtension                 | 44 - org.apache.karaf.shell.core - 4.4.4 | Updating commands for bundle org.apache.karaf.jaas.command/4.4.4
2023-11-26T12:23:21,729 | INFO  | FelixStartLevel  | CommandExtension                 | 44 - org.apache.karaf.shell.core - 4.4.4 | Command registration delayed for bundle org.apache.karaf.kar.core/4.4.4. Missing service: [org.apache.karaf.kar.KarService]
2023-11-26T12:23:21,735 | INFO  | FelixStartLevel  | CommandExtension                 | 44 - org.apache.karaf.shell.core - 4.4.4 | Registering commands for bundle org.apache.karaf.log.core/4.4.4
2023-11-26T12:23:21,737 | INFO  | FelixStartLevel  | CommandExtension                 | 44 - org.apache.karaf.shell.core - 4.4.4 | Registering commands for bundle org.apache.karaf.package.core/4.4.4
2023-11-26T12:23:21,740 | INFO  | FelixStartLevel  | CommandExtension                 | 44 - org.apache.karaf.shell.core - 4.4.4 | Registering commands for bundle org.apache.karaf.service.core/4.4.4
2023-11-26T12:23:21,749 | INFO  | FelixStartLevel  | CommandExtension                 | 44 - org.apache.karaf.shell.core - 4.4.4 | Registering commands for bundle org.apache.karaf.shell.commands/4.4.4
2023-11-26T12:23:21,770 | INFO  | activator-1-thread-2 | CommandExtension                 | 44 - org.apache.karaf.shell.core - 4.4.4 | Unregistering commands for bundle org.apache.karaf.log.core/4.4.4
2023-11-26T12:23:21,780 | INFO  | activator-1-thread-2 | core                             | 24 - org.apache.aries.jmx.core - 1.1.8 | Unregistering org.osgi.jmx.service.cm.ConfigurationAdminMBean to MBeanServer org.apache.karaf.management.internal.EventAdminMBeanServerWrapper@394f8023 with name osgi.compendium:service=cm,version=1.3,framework=org.apache.felix.framework,uuid=a15750e2-2e09-46f7-9f0f-dd9f41887e1f
2023-11-26T12:23:21,781 | INFO  | activator-1-thread-2 | CommandExtension                 | 44 - org.apache.karaf.shell.core - 4.4.4 | Registering commands for bundle org.apache.karaf.log.core/4.4.4
2023-11-26T12:23:21,781 | INFO  | activator-1-thread-2 | core                             | 24 - org.apache.aries.jmx.core - 1.1.8 | Unregistering org.osgi.jmx.framework.wiring.BundleWiringStateMBean to MBeanServer org.apache.karaf.management.internal.EventAdminMBeanServerWrapper@394f8023 with name osgi.core:type=wiringState,version=1.1,framework=org.apache.felix.framework,uuid=a15750e2-2e09-46f7-9f0f-dd9f41887e1f
2023-11-26T12:23:21,782 | INFO  | activator-1-thread-2 | core                             | 24 - org.apache.aries.jmx.core - 1.1.8 | Unregistering org.osgi.jmx.framework.FrameworkMBean to MBeanServer org.apache.karaf.management.internal.EventAdminMBeanServerWrapper@394f8023 with name osgi.core:type=framework,version=1.7,framework=org.apache.felix.framework,uuid=a15750e2-2e09-46f7-9f0f-dd9f41887e1f
2023-11-26T12:23:21,782 | INFO  | activator-1-thread-2 | core                             | 24 - org.apache.aries.jmx.core - 1.1.8 | Unregistering org.osgi.jmx.framework.PackageStateMBean to MBeanServer org.apache.karaf.management.internal.EventAdminMBeanServerWrapper@394f8023 with name osgi.core:type=packageState,version=1.5,framework=org.apache.felix.framework,uuid=a15750e2-2e09-46f7-9f0f-dd9f41887e1f
2023-11-26T12:23:21,782 | INFO  | activator-1-thread-2 | core                             | 24 - org.apache.aries.jmx.core - 1.1.8 | Unregistering org.osgi.jmx.framework.BundleStateMBean to MBeanServer org.apache.karaf.management.internal.EventAdminMBeanServerWrapper@394f8023 with name osgi.core:type=bundleState,version=1.7,framework=org.apache.felix.framework,uuid=a15750e2-2e09-46f7-9f0f-dd9f41887e1f
2023-11-26T12:23:21,783 | INFO  | activator-1-thread-2 | core                             | 24 - org.apache.aries.jmx.core - 1.1.8 | Unregistering org.osgi.jmx.framework.ServiceStateMBean to MBeanServer org.apache.karaf.management.internal.EventAdminMBeanServerWrapper@394f8023 with name osgi.core:type=serviceState,version=1.7,framework=org.apache.felix.framework,uuid=a15750e2-2e09-46f7-9f0f-dd9f41887e1f
2023-11-26T12:23:21,783 | WARN  | activator-1-thread-2 | core                             | 24 - org.apache.aries.jmx.core - 1.1.8 | Task rejected for JMX Notification dispatch of event [org.osgi.framework.ServiceEvent[source=[javax.management.MBeanServer]]] - Dispatcher may have been shutdown
2023-11-26T12:23:21,788 | WARN  | activator-1-thread-2 | Activator                        | 40 - org.apache.karaf.management.server - 4.4.4 | java.rmi.server.hostname system property is already set to 127.0.0.1. Apache Karaf doesn't override it
2023-11-26T12:23:21,797 | INFO  | activator-1-thread-2 | core                             | 24 - org.apache.aries.jmx.core - 1.1.8 | Registering org.osgi.jmx.service.cm.ConfigurationAdminMBean to MBeanServer org.apache.karaf.management.internal.EventAdminMBeanServerWrapper@ba31028 with name osgi.compendium:service=cm,version=1.3,framework=org.apache.felix.framework,uuid=a15750e2-2e09-46f7-9f0f-dd9f41887e1f
2023-11-26T12:23:21,797 | INFO  | activator-1-thread-2 | core                             | 24 - org.apache.aries.jmx.core - 1.1.8 | Registering org.osgi.jmx.framework.wiring.BundleWiringStateMBean to MBeanServer org.apache.karaf.management.internal.EventAdminMBeanServerWrapper@ba31028 with name osgi.core:type=wiringState,version=1.1,framework=org.apache.felix.framework,uuid=a15750e2-2e09-46f7-9f0f-dd9f41887e1f
2023-11-26T12:23:21,798 | INFO  | activator-1-thread-2 | core                             | 24 - org.apache.aries.jmx.core - 1.1.8 | Registering org.osgi.jmx.framework.FrameworkMBean to MBeanServer org.apache.karaf.management.internal.EventAdminMBeanServerWrapper@ba31028 with name osgi.core:type=framework,version=1.7,framework=org.apache.felix.framework,uuid=a15750e2-2e09-46f7-9f0f-dd9f41887e1f
2023-11-26T12:23:21,798 | INFO  | activator-1-thread-2 | core                             | 24 - org.apache.aries.jmx.core - 1.1.8 | Registering org.osgi.jmx.framework.PackageStateMBean to MBeanServer org.apache.karaf.management.internal.EventAdminMBeanServerWrapper@ba31028 with name osgi.core:type=packageState,version=1.5,framework=org.apache.felix.framework,uuid=a15750e2-2e09-46f7-9f0f-dd9f41887e1f
2023-11-26T12:23:21,799 | INFO  | activator-1-thread-2 | core                             | 24 - org.apache.aries.jmx.core - 1.1.8 | Registering org.osgi.jmx.framework.BundleStateMBean to MBeanServer org.apache.karaf.management.internal.EventAdminMBeanServerWrapper@ba31028 with name osgi.core:type=bundleState,version=1.7,framework=org.apache.felix.framework,uuid=a15750e2-2e09-46f7-9f0f-dd9f41887e1f
2023-11-26T12:23:21,799 | INFO  | activator-1-thread-2 | core                             | 24 - org.apache.aries.jmx.core - 1.1.8 | Registering org.osgi.jmx.framework.ServiceStateMBean to MBeanServer org.apache.karaf.management.internal.EventAdminMBeanServerWrapper@ba31028 with name osgi.core:type=serviceState,version=1.7,framework=org.apache.felix.framework,uuid=a15750e2-2e09-46f7-9f0f-dd9f41887e1f
2023-11-26T12:23:22,027 | INFO  | FelixStartLevel  | CommandExtension                 | 44 - org.apache.karaf.shell.core - 4.4.4 | Command registration delayed for bundle org.apache.karaf.shell.ssh/4.4.4. Missing service: [org.apache.sshd.server.SshServer]
2023-11-26T12:23:22,047 | INFO  | FelixStartLevel  | CommandExtension                 | 44 - org.apache.karaf.shell.core - 4.4.4 | Registering commands for bundle org.apache.karaf.system.core/4.4.4
2023-11-26T12:23:22,056 | INFO  | FelixStartLevel  | CommandExtension                 | 44 - org.apache.karaf.shell.core - 4.4.4 | Registering commands for bundle org.apache.karaf.event/4.4.4
2023-11-26T12:23:22,163 | INFO  | activator-1-thread-1 | BouncyCastleSecurityProviderRegistrar | 47 - org.apache.sshd.osgi - 2.10.0 | getOrCreateProvider(BC) created instance of org.bouncycastle.jce.provider.BouncyCastleProvider
2023-11-26T12:23:22,393 | INFO  | activator-1-thread-2 | CommandExtension                 | 44 - org.apache.karaf.shell.core - 4.4.4 | Registering commands for bundle org.apache.karaf.features.command/4.4.4
2023-11-26T12:23:22,394 | INFO  | activator-1-thread-2 | Activator                        | 28 - org.apache.karaf.deployer.features - 4.4.4 | Deployment finished. Registering FeatureDeploymentListener
2023-11-26T12:23:22,401 | INFO  | activator-1-thread-3 | CommandExtension                 | 44 - org.apache.karaf.shell.core - 4.4.4 | Registering commands for bundle org.apache.karaf.kar.core/4.4.4
2023-11-26T12:23:22,703 | INFO  | activator-1-thread-1 | CommandExtension                 | 44 - org.apache.karaf.shell.core - 4.4.4 | Registering commands for bundle org.apache.karaf.shell.ssh/4.4.4
2023-11-26T12:23:22,710 | INFO  | activator-1-thread-1 | DefaultIoServiceFactoryFactory   | 47 - org.apache.sshd.osgi - 2.10.0 | No detected/configured IoServiceFactoryFactory; using Nio2ServiceFactoryFactory
2023-11-26T12:30:43,827 | ERROR | Karaf local console user karaf | ShellUtil                        | 44 - org.apache.karaf.shell.core - 4.4.4 | Exception caught while executing command
java.lang.RuntimeException: Error creating kar: Could not find a repository with name mvn:com.example/MyBundleA/1.0.0
	at org.apache.karaf.kar.internal.KarServiceImpl.create(KarServiceImpl.java:366) ~[?:?]
	at org.apache.karaf.kar.command.CreateKarCommand.execute(CreateKarCommand.java:46) ~[?:?]
	at org.apache.karaf.shell.impl.action.command.ActionCommand.execute(ActionCommand.java:84) ~[?:?]
	at org.apache.karaf.shell.impl.console.osgi.secured.SecuredCommand.execute(SecuredCommand.java:68) ~[?:?]
	at org.apache.karaf.shell.impl.console.osgi.secured.SecuredCommand.execute(SecuredCommand.java:86) ~[?:?]
	at org.apache.felix.gogo.runtime.Closure.executeCmd(Closure.java:599) ~[?:?]
	at org.apache.felix.gogo.runtime.Closure.executeStatement(Closure.java:526) ~[?:?]
	at org.apache.felix.gogo.runtime.Closure.execute(Closure.java:415) ~[?:?]
	at org.apache.felix.gogo.runtime.Pipe.doCall(Pipe.java:416) ~[?:?]
	at org.apache.felix.gogo.runtime.Pipe.call(Pipe.java:229) ~[?:?]
	at org.apache.felix.gogo.runtime.Pipe.call(Pipe.java:59) ~[?:?]
	at java.util.concurrent.FutureTask.run(FutureTask.java:317) ~[?:?]
	at java.util.concurrent.ThreadPoolExecutor.runWorker(ThreadPoolExecutor.java:1144) ~[?:?]
	at java.util.concurrent.ThreadPoolExecutor$Worker.run(ThreadPoolExecutor.java:642) ~[?:?]
	at java.lang.Thread.run(Thread.java:1623) [?:?]
Caused by: java.lang.RuntimeException: Could not find a repository with name mvn:com.example/MyBundleA/1.0.0
	at org.apache.karaf.kar.internal.KarServiceImpl.create(KarServiceImpl.java:338) ~[?:?]
	... 14 more
2023-11-26T12:31:04,033 | ERROR | Karaf local console user karaf | ShellUtil                        | 44 - org.apache.karaf.shell.core - 4.4.4 | Exception caught while executing command
java.lang.IllegalArgumentException: No matching bundles
	at org.apache.karaf.bundle.command.BundlesCommand.doExecute(BundlesCommand.java:60) ~[?:?]
	at org.apache.karaf.bundle.command.BundlesCommand.execute(BundlesCommand.java:55) ~[?:?]
	at org.apache.karaf.shell.impl.action.command.ActionCommand.execute(ActionCommand.java:84) ~[?:?]
	at org.apache.karaf.shell.impl.console.osgi.secured.SecuredCommand.execute(SecuredCommand.java:68) ~[?:?]
	at org.apache.karaf.shell.impl.console.osgi.secured.SecuredCommand.execute(SecuredCommand.java:86) ~[?:?]
	at org.apache.felix.gogo.runtime.Closure.executeCmd(Closure.java:599) ~[?:?]
	at org.apache.felix.gogo.runtime.Closure.executeStatement(Closure.java:526) ~[?:?]
	at org.apache.felix.gogo.runtime.Closure.execute(Closure.java:415) ~[?:?]
	at org.apache.felix.gogo.runtime.Pipe.doCall(Pipe.java:416) ~[?:?]
	at org.apache.felix.gogo.runtime.Pipe.call(Pipe.java:229) ~[?:?]
	at org.apache.felix.gogo.runtime.Pipe.call(Pipe.java:59) ~[?:?]
	at java.util.concurrent.FutureTask.run(FutureTask.java:317) ~[?:?]
	at java.util.concurrent.ThreadPoolExecutor.runWorker(ThreadPoolExecutor.java:1144) ~[?:?]
	at java.util.concurrent.ThreadPoolExecutor$Worker.run(ThreadPoolExecutor.java:642) ~[?:?]
	at java.lang.Thread.run(Thread.java:1623) [?:?]
Nov 26, 2023 12:32:41 PM org.apache.karaf.main.lock.SimpleFileLock lock
INFO: Trying to lock C:\Users\User\GitRepositories\Karaf\lock
Nov 26, 2023 12:32:41 PM org.apache.karaf.main.lock.SimpleFileLock lock
INFO: Lock acquired
Nov 26, 2023 12:32:41 PM org.apache.karaf.main.Main$KarafLockCallback lockAcquired
INFO: Lock acquired. Setting startlevel to 100
2023-11-26T12:32:41,578 | INFO  | CM Configuration Updater (ManagedService Update: pid=[org.ops4j.pax.logging]) | EventAdminConfigurationNotifier  | 7 - org.ops4j.pax.logging.pax-logging-api - 2.2.3 | Sending Event Admin notification (configuration successful) to org/ops4j/pax/logging/Configuration
2023-11-26T12:32:41,615 | INFO  | FelixStartLevel  | core                             | 24 - org.apache.aries.jmx.core - 1.1.8 | Starting JMX OSGi agent
2023-11-26T12:32:41,629 | INFO  | FelixStartLevel  | core                             | 24 - org.apache.aries.jmx.core - 1.1.8 | Registering MBean with ObjectName [osgi.compendium:service=cm,version=1.3,framework=org.apache.felix.framework,uuid=6c20ac39-7fa8-4ef6-b4ab-ba358bd11c6b] for service with service.id [17]
2023-11-26T12:32:41,681 | INFO  | activator-1-thread-1 | Activator                        | 40 - org.apache.karaf.management.server - 4.4.4 | Setting java.rmi.server.hostname system property to 127.0.0.1
2023-11-26T12:32:41,759 | INFO  | FelixStartLevel  | CommandExtension                 | 44 - org.apache.karaf.shell.core - 4.4.4 | Registering commands for bundle org.apache.karaf.config.core/4.4.4
2023-11-26T12:32:41,823 | INFO  | FelixStartLevel  | CommandExtension                 | 44 - org.apache.karaf.shell.core - 4.4.4 | Registering commands for bundle org.apache.karaf.bundle.core/4.4.4
2023-11-26T12:32:41,824 | INFO  | FelixStartLevel  | CommandExtension                 | 44 - org.apache.karaf.shell.core - 4.4.4 | Registering commands for bundle org.apache.karaf.deployer.kar/4.4.4
2023-11-26T12:32:41,826 | INFO  | FelixStartLevel  | CommandExtension                 | 44 - org.apache.karaf.shell.core - 4.4.4 | Registering commands for bundle org.apache.karaf.diagnostic.core/4.4.4
2023-11-26T12:32:41,848 | INFO  | FelixStartLevel  | CommandExtension                 | 44 - org.apache.karaf.shell.core - 4.4.4 | Command registration delayed for bundle org.apache.karaf.features.command/4.4.4. Missing service: [org.eclipse.equinox.region.RegionDigraph, org.apache.karaf.features.FeaturesService, org.ops4j.pax.url.mvn.MavenResolver]
2023-11-26T12:32:41,860 | INFO  | activator-1-thread-1 | core                             | 24 - org.apache.aries.jmx.core - 1.1.8 | Registering org.osgi.jmx.framework.BundleStateMBean to MBeanServer org.apache.karaf.management.internal.EventAdminMBeanServerWrapper@41303bb5 with name osgi.core:type=bundleState,version=1.7,framework=org.apache.felix.framework,uuid=6c20ac39-7fa8-4ef6-b4ab-ba358bd11c6b
2023-11-26T12:32:41,864 | INFO  | activator-1-thread-1 | core                             | 24 - org.apache.aries.jmx.core - 1.1.8 | Registering org.osgi.jmx.framework.wiring.BundleWiringStateMBean to MBeanServer org.apache.karaf.management.internal.EventAdminMBeanServerWrapper@41303bb5 with name osgi.core:type=wiringState,version=1.1,framework=org.apache.felix.framework,uuid=6c20ac39-7fa8-4ef6-b4ab-ba358bd11c6b
2023-11-26T12:32:41,865 | INFO  | activator-1-thread-1 | core                             | 24 - org.apache.aries.jmx.core - 1.1.8 | Registering org.osgi.jmx.framework.ServiceStateMBean to MBeanServer org.apache.karaf.management.internal.EventAdminMBeanServerWrapper@41303bb5 with name osgi.core:type=serviceState,version=1.7,framework=org.apache.felix.framework,uuid=6c20ac39-7fa8-4ef6-b4ab-ba358bd11c6b
2023-11-26T12:32:41,866 | INFO  | activator-1-thread-1 | core                             | 24 - org.apache.aries.jmx.core - 1.1.8 | Registering org.osgi.jmx.service.cm.ConfigurationAdminMBean to MBeanServer org.apache.karaf.management.internal.EventAdminMBeanServerWrapper@41303bb5 with name osgi.compendium:service=cm,version=1.3,framework=org.apache.felix.framework,uuid=6c20ac39-7fa8-4ef6-b4ab-ba358bd11c6b
2023-11-26T12:32:41,866 | INFO  | activator-1-thread-1 | core                             | 24 - org.apache.aries.jmx.core - 1.1.8 | Registering org.osgi.jmx.framework.FrameworkMBean to MBeanServer org.apache.karaf.management.internal.EventAdminMBeanServerWrapper@41303bb5 with name osgi.core:type=framework,version=1.7,framework=org.apache.felix.framework,uuid=6c20ac39-7fa8-4ef6-b4ab-ba358bd11c6b
2023-11-26T12:32:41,867 | INFO  | activator-1-thread-1 | core                             | 24 - org.apache.aries.jmx.core - 1.1.8 | Registering org.osgi.jmx.framework.PackageStateMBean to MBeanServer org.apache.karaf.management.internal.EventAdminMBeanServerWrapper@41303bb5 with name osgi.core:type=packageState,version=1.5,framework=org.apache.felix.framework,uuid=6c20ac39-7fa8-4ef6-b4ab-ba358bd11c6b
2023-11-26T12:32:41,875 | INFO  | FelixStartLevel  | CommandExtension                 | 44 - org.apache.karaf.shell.core - 4.4.4 | Registering commands for bundle org.apache.karaf.instance.core/4.4.4
2023-11-26T12:32:41,891 | INFO  | FelixStartLevel  | CommandExtension                 | 44 - org.apache.karaf.shell.core - 4.4.4 | Registering commands for bundle org.apache.karaf.jaas.command/4.4.4
2023-11-26T12:32:41,892 | INFO  | FelixStartLevel  | CommandExtension                 | 44 - org.apache.karaf.shell.core - 4.4.4 | Updating commands for bundle org.apache.karaf.jaas.command/4.4.4
2023-11-26T12:32:41,894 | INFO  | FelixStartLevel  | CommandExtension                 | 44 - org.apache.karaf.shell.core - 4.4.4 | Updating commands for bundle org.apache.karaf.jaas.command/4.4.4
2023-11-26T12:32:41,897 | INFO  | FelixStartLevel  | CommandExtension                 | 44 - org.apache.karaf.shell.core - 4.4.4 | Command registration delayed for bundle org.apache.karaf.kar.core/4.4.4. Missing service: [org.apache.karaf.kar.KarService]
2023-11-26T12:32:41,904 | INFO  | FelixStartLevel  | CommandExtension                 | 44 - org.apache.karaf.shell.core - 4.4.4 | Registering commands for bundle org.apache.karaf.log.core/4.4.4
2023-11-26T12:32:41,906 | INFO  | FelixStartLevel  | CommandExtension                 | 44 - org.apache.karaf.shell.core - 4.4.4 | Registering commands for bundle org.apache.karaf.package.core/4.4.4
2023-11-26T12:32:41,909 | INFO  | FelixStartLevel  | CommandExtension                 | 44 - org.apache.karaf.shell.core - 4.4.4 | Registering commands for bundle org.apache.karaf.service.core/4.4.4
2023-11-26T12:32:41,919 | INFO  | FelixStartLevel  | CommandExtension                 | 44 - org.apache.karaf.shell.core - 4.4.4 | Registering commands for bundle org.apache.karaf.shell.commands/4.4.4
2023-11-26T12:32:41,947 | INFO  | activator-1-thread-2 | CommandExtension                 | 44 - org.apache.karaf.shell.core - 4.4.4 | Unregistering commands for bundle org.apache.karaf.log.core/4.4.4
2023-11-26T12:32:41,948 | INFO  | activator-1-thread-2 | core                             | 24 - org.apache.aries.jmx.core - 1.1.8 | Unregistering org.osgi.jmx.framework.BundleStateMBean to MBeanServer org.apache.karaf.management.internal.EventAdminMBeanServerWrapper@41303bb5 with name osgi.core:type=bundleState,version=1.7,framework=org.apache.felix.framework,uuid=6c20ac39-7fa8-4ef6-b4ab-ba358bd11c6b
2023-11-26T12:32:41,949 | INFO  | activator-1-thread-2 | core                             | 24 - org.apache.aries.jmx.core - 1.1.8 | Unregistering org.osgi.jmx.framework.wiring.BundleWiringStateMBean to MBeanServer org.apache.karaf.management.internal.EventAdminMBeanServerWrapper@41303bb5 with name osgi.core:type=wiringState,version=1.1,framework=org.apache.felix.framework,uuid=6c20ac39-7fa8-4ef6-b4ab-ba358bd11c6b
2023-11-26T12:32:41,949 | INFO  | activator-1-thread-2 | core                             | 24 - org.apache.aries.jmx.core - 1.1.8 | Unregistering org.osgi.jmx.framework.ServiceStateMBean to MBeanServer org.apache.karaf.management.internal.EventAdminMBeanServerWrapper@41303bb5 with name osgi.core:type=serviceState,version=1.7,framework=org.apache.felix.framework,uuid=6c20ac39-7fa8-4ef6-b4ab-ba358bd11c6b
2023-11-26T12:32:41,950 | INFO  | activator-1-thread-2 | core                             | 24 - org.apache.aries.jmx.core - 1.1.8 | Unregistering org.osgi.jmx.service.cm.ConfigurationAdminMBean to MBeanServer org.apache.karaf.management.internal.EventAdminMBeanServerWrapper@41303bb5 with name osgi.compendium:service=cm,version=1.3,framework=org.apache.felix.framework,uuid=6c20ac39-7fa8-4ef6-b4ab-ba358bd11c6b
2023-11-26T12:32:41,950 | INFO  | activator-1-thread-2 | CommandExtension                 | 44 - org.apache.karaf.shell.core - 4.4.4 | Registering commands for bundle org.apache.karaf.log.core/4.4.4
2023-11-26T12:32:41,950 | INFO  | activator-1-thread-2 | core                             | 24 - org.apache.aries.jmx.core - 1.1.8 | Unregistering org.osgi.jmx.framework.FrameworkMBean to MBeanServer org.apache.karaf.management.internal.EventAdminMBeanServerWrapper@41303bb5 with name osgi.core:type=framework,version=1.7,framework=org.apache.felix.framework,uuid=6c20ac39-7fa8-4ef6-b4ab-ba358bd11c6b
2023-11-26T12:32:41,951 | INFO  | activator-1-thread-2 | core                             | 24 - org.apache.aries.jmx.core - 1.1.8 | Unregistering org.osgi.jmx.framework.PackageStateMBean to MBeanServer org.apache.karaf.management.internal.EventAdminMBeanServerWrapper@41303bb5 with name osgi.core:type=packageState,version=1.5,framework=org.apache.felix.framework,uuid=6c20ac39-7fa8-4ef6-b4ab-ba358bd11c6b
2023-11-26T12:32:41,951 | WARN  | activator-1-thread-2 | core                             | 24 - org.apache.aries.jmx.core - 1.1.8 | Task rejected for JMX Notification dispatch of event [org.osgi.framework.ServiceEvent[source=[javax.management.MBeanServer]]] - Dispatcher may have been shutdown
2023-11-26T12:32:41,954 | WARN  | activator-1-thread-2 | Activator                        | 40 - org.apache.karaf.management.server - 4.4.4 | java.rmi.server.hostname system property is already set to 127.0.0.1. Apache Karaf doesn't override it
2023-11-26T12:32:41,963 | INFO  | activator-1-thread-2 | core                             | 24 - org.apache.aries.jmx.core - 1.1.8 | Registering org.osgi.jmx.framework.BundleStateMBean to MBeanServer org.apache.karaf.management.internal.EventAdminMBeanServerWrapper@60cca39c with name osgi.core:type=bundleState,version=1.7,framework=org.apache.felix.framework,uuid=6c20ac39-7fa8-4ef6-b4ab-ba358bd11c6b
2023-11-26T12:32:41,963 | INFO  | activator-1-thread-2 | core                             | 24 - org.apache.aries.jmx.core - 1.1.8 | Registering org.osgi.jmx.framework.wiring.BundleWiringStateMBean to MBeanServer org.apache.karaf.management.internal.EventAdminMBeanServerWrapper@60cca39c with name osgi.core:type=wiringState,version=1.1,framework=org.apache.felix.framework,uuid=6c20ac39-7fa8-4ef6-b4ab-ba358bd11c6b
2023-11-26T12:32:41,964 | INFO  | activator-1-thread-2 | core                             | 24 - org.apache.aries.jmx.core - 1.1.8 | Registering org.osgi.jmx.framework.ServiceStateMBean to MBeanServer org.apache.karaf.management.internal.EventAdminMBeanServerWrapper@60cca39c with name osgi.core:type=serviceState,version=1.7,framework=org.apache.felix.framework,uuid=6c20ac39-7fa8-4ef6-b4ab-ba358bd11c6b
2023-11-26T12:32:41,964 | INFO  | activator-1-thread-2 | core                             | 24 - org.apache.aries.jmx.core - 1.1.8 | Registering org.osgi.jmx.service.cm.ConfigurationAdminMBean to MBeanServer org.apache.karaf.management.internal.EventAdminMBeanServerWrapper@60cca39c with name osgi.compendium:service=cm,version=1.3,framework=org.apache.felix.framework,uuid=6c20ac39-7fa8-4ef6-b4ab-ba358bd11c6b
2023-11-26T12:32:41,966 | INFO  | activator-1-thread-2 | core                             | 24 - org.apache.aries.jmx.core - 1.1.8 | Registering org.osgi.jmx.framework.FrameworkMBean to MBeanServer org.apache.karaf.management.internal.EventAdminMBeanServerWrapper@60cca39c with name osgi.core:type=framework,version=1.7,framework=org.apache.felix.framework,uuid=6c20ac39-7fa8-4ef6-b4ab-ba358bd11c6b
2023-11-26T12:32:41,966 | INFO  | activator-1-thread-2 | core                             | 24 - org.apache.aries.jmx.core - 1.1.8 | Registering org.osgi.jmx.framework.PackageStateMBean to MBeanServer org.apache.karaf.management.internal.EventAdminMBeanServerWrapper@60cca39c with name osgi.core:type=packageState,version=1.5,framework=org.apache.felix.framework,uuid=6c20ac39-7fa8-4ef6-b4ab-ba358bd11c6b
2023-11-26T12:32:42,164 | INFO  | FelixStartLevel  | CommandExtension                 | 44 - org.apache.karaf.shell.core - 4.4.4 | Command registration delayed for bundle org.apache.karaf.shell.ssh/4.4.4. Missing service: [org.apache.sshd.server.SshServer]
2023-11-26T12:32:42,183 | INFO  | FelixStartLevel  | CommandExtension                 | 44 - org.apache.karaf.shell.core - 4.4.4 | Registering commands for bundle org.apache.karaf.system.core/4.4.4
2023-11-26T12:32:42,193 | INFO  | FelixStartLevel  | CommandExtension                 | 44 - org.apache.karaf.shell.core - 4.4.4 | Registering commands for bundle org.apache.karaf.event/4.4.4
2023-11-26T12:32:42,296 | INFO  | activator-1-thread-1 | BouncyCastleSecurityProviderRegistrar | 47 - org.apache.sshd.osgi - 2.10.0 | getOrCreateProvider(BC) created instance of org.bouncycastle.jce.provider.BouncyCastleProvider
2023-11-26T12:32:42,520 | INFO  | activator-1-thread-2 | CommandExtension                 | 44 - org.apache.karaf.shell.core - 4.4.4 | Registering commands for bundle org.apache.karaf.features.command/4.4.4
2023-11-26T12:32:42,522 | INFO  | activator-1-thread-3 | CommandExtension                 | 44 - org.apache.karaf.shell.core - 4.4.4 | Registering commands for bundle org.apache.karaf.kar.core/4.4.4
2023-11-26T12:32:42,525 | INFO  | activator-1-thread-2 | Activator                        | 28 - org.apache.karaf.deployer.features - 4.4.4 | Deployment finished. Registering FeatureDeploymentListener
2023-11-26T12:32:42,800 | INFO  | activator-1-thread-1 | CommandExtension                 | 44 - org.apache.karaf.shell.core - 4.4.4 | Registering commands for bundle org.apache.karaf.shell.ssh/4.4.4
2023-11-26T12:32:42,806 | INFO  | activator-1-thread-1 | DefaultIoServiceFactoryFactory   | 47 - org.apache.sshd.osgi - 2.10.0 | No detected/configured IoServiceFactoryFactory; using Nio2ServiceFactoryFactory
